TN:
SF:/Users/rooxuser/Desktop/projects/frontend-project-lvl2/src/index.js
FN:4,(anonymous_0)
FN:19,(anonymous_1)
FN:21,(anonymous_2)
FN:42,(anonymous_3)
FN:43,(anonymous_4)
FN:46,(anonymous_5)
FNF:6
FNH:5
FNDA:3,(anonymous_0)
FNDA:2,(anonymous_1)
FNDA:7,(anonymous_2)
FNDA:1,(anonymous_3)
FNDA:1,(anonymous_4)
FNDA:0,(anonymous_5)
DA:4,1
DA:5,3
DA:8,3
DA:9,3
DA:11,1
DA:13,1
DA:16,2
DA:19,1
DA:20,2
DA:22,7
DA:23,7
DA:24,7
DA:26,7
DA:27,3
DA:30,4
DA:31,2
DA:34,2
DA:35,1
DA:38,1
DA:42,1
DA:43,1
DA:47,0
DA:48,0
DA:50,0
DA:51,0
DA:53,0
DA:56,0
DA:57,0
DA:59,0
LF:29
LH:21
BRDA:26,0,0,3
BRDA:26,0,1,4
BRDA:30,1,0,2
BRDA:30,1,1,2
BRDA:34,2,0,1
BRDA:34,2,1,1
BRDA:50,3,0,0
BRDA:50,3,1,0
BRDA:50,4,0,0
BRDA:50,4,1,0
BRF:10
BRH:6
end_of_record
